# JRE version: OpenJDK Runtime Environment (17.0.19+11) (build 17.0.19+11-LTS)
# Java VM: OpenJDK 64-Bit Server VM (17.0.19+11-LTS, mixed mode, sharing, tiered, compressed oops, compressed class ptrs, g1 gc, windows-amd64)
GC Precious Log:
 CPUs: 24 total, 24 available
 Memory: 32599M
 Large Page Support: Disabled
 NUMA Support: Disabled
 Compressed Oops: Enabled (Zero based)
 Heap Region Size: 4M
 Heap Min Capacity: 8M
 Heap Initial Capacity: 512M
 Heap Max Capacity: 8152M
 Pre-touch: Disabled
 Parallel Workers: 18
 Concurrent Workers: 5
 Concurrent Refinement Workers: 18
 Periodic GC: Disabled
Heap:
 garbage-first heap   total 90112K, used 19621K [0x0000000602800000, 0x0000000800000000)
  region size 4096K, 2 young (8192K), 1 survivors (4096K)
 Metaspace       used 21616K, committed 21952K, reserved 1114112K
  class space    used 2435K, committed 2624K, reserved 1048576K
GC Heap History (17 events):
Event: 0.358 GC heap before
{Heap before GC invocations=0 (full 0):
 garbage-first heap   total 524288K, used 24576K [0x0000000602800000, 0x0000000800000000)
  region size 4096K, 6 young (24576K), 0 survivors (0K)
 Metaspace       used 4455K, committed 4608K, reserved 1114112K
  class space    used 501K, committed 576K, reserved 1048576K
}
Event: 0.359 GC heap after
{Heap after GC invocations=1 (full 0):
 garbage-first heap   total 524288K, used 3576K [0x0000000602800000, 0x0000000800000000)
  region size 4096K, 1 young (4096K), 1 survivors (4096K)
 Metaspace       used 4455K, committed 4608K, reserved 1114112K
  class space    used 501K, committed 576K, reserved 1048576K
}
Event: 0.637 GC heap before
{Heap before GC invocations=1 (full 0):
 garbage-first heap   total 524288K, used 28152K [0x0000000602800000, 0x0000000800000000)
  region size 4096K, 8 young (32768K), 1 survivors (4096K)
 Metaspace       used 6881K, committed 7040K, reserved 1114112K
  class space    used 817K, committed 896K, reserved 1048576K
}
Event: 0.639 GC heap after
{Heap after GC invocations=2 (full 0):
 garbage-first heap   total 524288K, used 4417K [0x0000000602800000, 0x0000000800000000)
  region size 4096K, 1 young (4096K), 1 survivors (4096K)
 Metaspace       used 6881K, committed 7040K, reserved 1114112K
  class space    used 817K, committed 896K, reserved 1048576K
}
Event: 3.650 GC heap before
{Heap before GC invocations=2 (full 0):
 garbage-first heap   total 524288K, used 266561K [0x0000000602800000, 0x0000000800000000)
  region size 4096K, 66 young (270336K), 1 survivors (4096K)
 Metaspace       used 21155K, committed 21504K, reserved 1114112K
  class space    used 2402K, committed 2560K, reserved 1048576K
}
Event: 3.657 GC heap after
{Heap after GC invocations=3 (full 0):
 garbage-first heap   total 524288K, used 18559K [0x0000000602800000, 0x0000000800000000)
  region size 4096K, 4 young (16384K), 4 survivors (16384K)
 Metaspace       used 21155K, committed 21504K, reserved 1114112K
  class space    used 2402K, committed 2560K, reserved 1048576K
}
Event: 3.827 GC heap before
{Heap before GC invocations=4 (full 0):
 garbage-first heap   total 81920K, used 63615K [0x0000000602800000, 0x0000000800000000)
  region size 4096K, 16 young (65536K), 4 survivors (16384K)
 Metaspace       used 21490K, committed 21888K, reserved 1114112K
  class space    used 2433K, committed 2624K, reserved 1048576K
}
Event: 3.831 GC heap after
{Heap after GC invocations=5 (full 0):
 garbage-first heap   total 90112K, used 20593K [0x0000000602800000, 0x0000000800000000)
  region size 4096K, 5 young (20480K), 5 survivors (20480K)
 Metaspace       used 21490K, committed 21888K, reserved 1114112K
  class space    used 2433K, committed 2624K, reserved 1048576K
}
Event: 3.941 GC heap before
{Heap before GC invocations=5 (full 0):
 garbage-first heap   total 90112K, used 24689K [0x0000000602800000, 0x0000000800000000)
  region size 4096K, 6 young (24576K), 5 survivors (20480K)
 Metaspace       used 21524K, committed 21888K, reserved 1114112K
  class space    used 2433K, committed 2624K, reserved 1048576K
}
Event: 3.948 GC heap after
{Heap after GC invocations=6 (full 0):
 garbage-first heap   total 90112K, used 22484K [0x0000000602800000, 0x0000000800000000)
  region size 4096K, 1 young (4096K), 1 survivors (4096K)
 Metaspace       used 21524K, committed 21888K, reserved 1114112K
  class space    used 2433K, committed 2624K, reserved 1048576K
}
Event: 4.715 GC heap before
{Heap before GC invocations=6 (full 0):
 garbage-first heap   total 90112K, used 63444K [0x0000000602800000, 0x0000000800000000)
  region size 4096K, 11 young (45056K), 1 survivors (4096K)
 Metaspace       used 21600K, committed 21952K, reserved 1114112K
  class space    used 2435K, committed 2624K, reserved 1048576K
}
Event: 4.716 GC heap after
{Heap after GC invocations=7 (full 0):
 garbage-first heap   total 90112K, used 20047K [0x0000000602800000, 0x0000000800000000)
  region size 4096K, 1 young (4096K), 1 survivors (4096K)
 Metaspace       used 21600K, committed 21952K, reserved 1114112K
  class space    used 2435K, committed 2624K, reserved 1048576K
}
Event: 6.062 GC heap before
{Heap before GC invocations=7 (full 0):
 garbage-first heap   total 90112K, used 65103K [0x0000000602800000, 0x0000000800000000)
  region size 4096K, 12 young (49152K), 1 survivors (4096K)
 Metaspace       used 21600K, committed 21952K, reserved 1114112K
  class space    used 2435K, committed 2624K, reserved 1048576K
}
Event: 6.065 GC heap after
{Heap after GC invocations=8 (full 0):
 garbage-first heap   total 90112K, used 21732K [0x0000000602800000, 0x0000000800000000)
  region size 4096K, 1 young (4096K), 1 survivors (4096K)
 Metaspace       used 21600K, committed 21952K, reserved 1114112K
  class space    used 2435K, committed 2624K, reserved 1048576K
}
Event: 9.033 GC heap before
{Heap before GC invocations=8 (full 0):
 garbage-first heap   total 90112K, used 66788K [0x0000000602800000, 0x0000000800000000)
  region size 4096K, 12 young (49152K), 1 survivors (4096K)
 Metaspace       used 21602K, committed 21952K, reserved 1114112K
  class space    used 2435K, committed 2624K, reserved 1048576K
}
Event: 9.034 GC heap after
{Heap after GC invocations=9 (full 0):
 garbage-first heap   total 90112K, used 21884K [0x0000000602800000, 0x0000000800000000)
  region size 4096K, 1 young (4096K), 1 survivors (4096K)
 Metaspace       used 21602K, committed 21952K, reserved 1114112K
  class space    used 2435K, committed 2624K, reserved 1048576K
}
Event: 9.446 GC heap before
{Heap before GC invocations=9 (full 0):
 garbage-first heap   total 90112K, used 66940K [0x0000000602800000, 0x0000000800000000)
  region size 4096K, 12 young (49152K), 1 survivors (4096K)
 Metaspace       used 21616K, committed 21952K, reserved 1114112K
  class space    used 2435K, committed 2624K, reserved 1048576K
}

